<?xml version="1.0" encoding="UTF-8"?>
<testng-results ignored="0" total="1" passed="1" failed="0" skipped="0">
  <reporter-output>
  </reporter-output>
  <suite started-at="2023-08-30T23:08:30 IST" name="nopCommerce" finished-at="2023-08-30T23:09:16 IST" duration-ms="45945">
    <groups>
      <group name="master">
        <method signature="TC_AddCustomerTest.addNewCustomer()[pri:0, instance:testCases.TC_AddCustomerTest@6cf0e0ba]" name="addNewCustomer" class="testCases.TC_AddCustomerTest"/>
      </group> <!-- master -->
    </groups>
    <test started-at="2023-08-30T23:08:30 IST" name="chromeTest" finished-at="2023-08-30T23:09:16 IST" duration-ms="45945">
      <class name="testCases.TC_AddCustomerTest">
        <test-method is-config="true" signature="setup(java.lang.String)[pri:0, instance:testCases.TC_AddCustomerTest@6cf0e0ba]" started-at="2023-08-30T23:08:30 IST" name="setup" finished-at="2023-08-30T23:08:41 IST" duration-ms="10883" status="PASS">
          <params>
            <param index="0">
              <value>
                <![CDATA[chrome]]>
              </value>
            </param>
          </params>
          <reporter-output>
          </reporter-output>
        </test-method> <!-- setup -->
        <test-method signature="addNewCustomer()[pri:0, instance:testCases.TC_AddCustomerTest@6cf0e0ba]" started-at="2023-08-30T23:08:41 IST" name="addNewCustomer" finished-at="2023-08-30T23:09:14 IST" duration-ms="33718" status="PASS">
          <reporter-output>
          </reporter-output>
        </test-method> <!-- addNewCustomer -->
        <test-method is-config="true" signature="tearDown()[pri:0, instance:testCases.TC_AddCustomerTest@6cf0e0ba]" started-at="2023-08-30T23:09:14 IST" name="tearDown" finished-at="2023-08-30T23:09:16 IST" duration-ms="1283" status="PASS">
          <reporter-output>
          </reporter-output>
        </test-method> <!-- tearDown -->
      </class> <!-- testCases.TC_AddCustomerTest -->
    </test> <!-- chromeTest -->
  </suite> <!-- nopCommerce -->
</testng-results>
